# JRE version: 7.0_05-b05
# Java VM: Java HotSpot(TM) 64-Bit Server VM (23.1-b03 mixed mode windows-amd64 compressed oops)
Heap
 PSYoungGen      total 18752K, used 9841K [0x00000000eaab0000, 0x00000000ebf90000, 0x0000000000000000)
  eden space 16128K, 44% used [0x00000000eaab0000,0x00000000eb1bdc48,0x00000000eba70000)
  from space 2624K, 99% used [0x00000000eba70000,0x00000000ebcfe8f0,0x00000000ebd00000)
  to   space 2624K, 0% used [0x00000000ebd00000,0x00000000ebd00000,0x00000000ebf90000)
 ParOldGen       total 42816K, used 9695K [0x00000000c0000000, 0x00000000c29d0000, 0x00000000eaab0000)
  object space 42816K, 22% used [0x00000000c0000000,0x00000000c0977fd0,0x00000000c29d0000)
 PSPermGen       total 21248K, used 6658K [0x00000000bae00000, 0x00000000bc2c0000, 0x00000000c0000000)
  object space 21248K, 31% used [0x00000000bae00000,0x00000000bb480810,0x00000000bc2c0000)
GC Heap History (6 events):
Event: 1.409 GC heap before
{Heap before GC invocations=1 (full 0):
 PSYoungGen      total 18752K, used 15752K [0x00000000eaab0000, 0x00000000ebf90000, 0x0000000000000000)
  eden space 16128K, 97% used [0x00000000eaab0000,0x00000000eba12310,0x00000000eba70000)
  from space 2624K, 0% used [0x00000000ebd00000,0x00000000ebd00000,0x00000000ebf90000)
  to   space 2624K, 0% used [0x00000000eba70000,0x00000000eba70000,0x00000000ebd00000)
 ParOldGen       total 42816K, used 0K [0x00000000c0000000, 0x00000000c29d0000, 0x00000000eaab0000)
  object space 42816K, 0% used [0x00000000c0000000,0x00000000c0000000,0x00000000c29d0000)
 PSPermGen       total 21248K, used 5323K [0x00000000bae00000, 0x00000000bc2c0000, 0x00000000c0000000)
  object space 21248K, 25% used [0x00000000bae00000,0x00000000bb332c60,0x00000000bc2c0000)
Event: 1.416 GC heap after
Heap after GC invocations=1 (full 0):
 PSYoungGen      total 18752K, used 2611K [0x00000000eaab0000, 0x00000000ebf90000, 0x0000000000000000)
  eden space 16128K, 0% used [0x00000000eaab0000,0x00000000eaab0000,0x00000000eba70000)
  from space 2624K, 99% used [0x00000000eba70000,0x00000000ebcfcc18,0x00000000ebd00000)
  to   space 2624K, 0% used [0x00000000ebd00000,0x00000000ebd00000,0x00000000ebf90000)
 ParOldGen       total 42816K, used 2573K [0x00000000c0000000, 0x00000000c29d0000, 0x00000000eaab0000)
  object space 42816K, 6% used [0x00000000c0000000,0x00000000c0283440,0x00000000c29d0000)
 PSPermGen       total 21248K, used 5323K [0x00000000bae00000, 0x00000000bc2c0000, 0x00000000c0000000)
  object space 21248K, 25% used [0x00000000bae00000,0x00000000bb332c60,0x00000000bc2c0000)
}
Event: 2.474 GC heap before
{Heap before GC invocations=2 (full 0):
 PSYoungGen      total 18752K, used 18739K [0x00000000eaab0000, 0x00000000ebf90000, 0x0000000000000000)
  eden space 16128K, 100% used [0x00000000eaab0000,0x00000000eba70000,0x00000000eba70000)
  from space 2624K, 99% used [0x00000000eba70000,0x00000000ebcfcc18,0x00000000ebd00000)
  to   space 2624K, 0% used [0x00000000ebd00000,0x00000000ebd00000,0x00000000ebf90000)
 ParOldGen       total 42816K, used 2573K [0x00000000c0000000, 0x00000000c29d0000, 0x00000000eaab0000)
  object space 42816K, 6% used [0x00000000c0000000,0x00000000c0283440,0x00000000c29d0000)
 PSPermGen       total 21248K, used 6617K [0x00000000bae00000, 0x00000000bc2c0000, 0x00000000c0000000)
  object space 21248K, 31% used [0x00000000bae00000,0x00000000bb476758,0x00000000bc2c0000)
Event: 2.514 GC heap after
Heap after GC invocations=2 (full 0):
 PSYoungGen      total 18752K, used 2614K [0x00000000eaab0000, 0x00000000ebf90000, 0x0000000000000000)
  eden space 16128K, 0% used [0x00000000eaab0000,0x00000000eaab0000,0x00000000eba70000)
  from space 2624K, 99% used [0x00000000ebd00000,0x00000000ebf8da60,0x00000000ebf90000)
  to   space 2624K, 0% used [0x00000000eba70000,0x00000000eba70000,0x00000000ebd00000)
 ParOldGen       total 42816K, used 5701K [0x00000000c0000000, 0x00000000c29d0000, 0x00000000eaab0000)
  object space 42816K, 13% used [0x00000000c0000000,0x00000000c0591580,0x00000000c29d0000)
 PSPermGen       total 21248K, used 6617K [0x00000000bae00000, 0x00000000bc2c0000, 0x00000000c0000000)
  object space 21248K, 31% used [0x00000000bae00000,0x00000000bb476758,0x00000000bc2c0000)
}
Event: 2.872 GC heap before
{Heap before GC invocations=3 (full 0):
 PSYoungGen      total 18752K, used 18742K [0x00000000eaab0000, 0x00000000ebf90000, 0x0000000000000000)
  eden space 16128K, 100% used [0x00000000eaab0000,0x00000000eba70000,0x00000000eba70000)
  from space 2624K, 99% used [0x00000000ebd00000,0x00000000ebf8da60,0x00000000ebf90000)
  to   space 2624K, 0% used [0x00000000eba70000,0x00000000eba70000,0x00000000ebd00000)
 ParOldGen       total 42816K, used 5701K [0x00000000c0000000, 0x00000000c29d0000, 0x00000000eaab0000)
  object space 42816K, 13% used [0x00000000c0000000,0x00000000c0591580,0x00000000c29d0000)
 PSPermGen       total 21248K, used 6650K [0x00000000bae00000, 0x00000000bc2c0000, 0x00000000c0000000)
  object space 21248K, 31% used [0x00000000bae00000,0x00000000bb47e880,0x00000000bc2c0000)
Event: 2.877 GC heap after
Heap after GC invocations=3 (full 0):
 PSYoungGen      total 18752K, used 2618K [0x00000000eaab0000, 0x00000000ebf90000, 0x0000000000000000)
  eden space 16128K, 0% used [0x00000000eaab0000,0x00000000eaab0000,0x00000000eba70000)
  from space 2624K, 99% used [0x00000000eba70000,0x00000000ebcfe8f0,0x00000000ebd00000)
  to   space 2624K, 0% used [0x00000000ebd00000,0x00000000ebd00000,0x00000000ebf90000)
 ParOldGen       total 42816K, used 9695K [0x00000000c0000000, 0x00000000c29d0000, 0x00000000eaab0000)
  object space 42816K, 22% used [0x00000000c0000000,0x00000000c0977fd0,0x00000000c29d0000)
 PSPermGen       total 21248K, used 6650K [0x00000000bae00000, 0x00000000bc2c0000, 0x00000000c0000000)
  object space 21248K, 31% used [0x00000000bae00000,0x00000000bb47e880,0x00000000bc2c0000)
}

