# JRE version: 7.0_05-b05
# Java VM: Java HotSpot(TM) 64-Bit Server VM (23.1-b03 mixed mode windows-amd64 compressed oops)
Heap
 PSYoungGen      total 18752K, used 12204K [0x00000000eaab0000, 0x00000000ebf90000, 0x0000000000000000)
  eden space 16128K, 59% used [0x00000000eaab0000,0x00000000eb40ff90,0x00000000eba70000)
  from space 2624K, 99% used [0x00000000eba70000,0x00000000ebcfb1a8,0x00000000ebd00000)
  to   space 2624K, 0% used [0x00000000ebd00000,0x00000000ebd00000,0x00000000ebf90000)
 ParOldGen       total 42816K, used 9760K [0x00000000c0000000, 0x00000000c29d0000, 0x00000000eaab0000)
  object space 42816K, 22% used [0x00000000c0000000,0x00000000c0988390,0x00000000c29d0000)
 PSPermGen       total 21248K, used 6661K [0x00000000bae00000, 0x00000000bc2c0000, 0x00000000c0000000)
  object space 21248K, 31% used [0x00000000bae00000,0x00000000bb4815c8,0x00000000bc2c0000)
GC Heap History (6 events):
Event: 1.037 GC heap before
{Heap before GC invocations=1 (full 0):
 PSYoungGen      total 18752K, used 15961K [0x00000000eaab0000, 0x00000000ebf90000, 0x0000000000000000)
  eden space 16128K, 98% used [0x00000000eaab0000,0x00000000eba465e8,0x00000000eba70000)
  from space 2624K, 0% used [0x00000000ebd00000,0x00000000ebd00000,0x00000000ebf90000)
  to   space 2624K, 0% used [0x00000000eba70000,0x00000000eba70000,0x00000000ebd00000)
 ParOldGen       total 42816K, used 0K [0x00000000c0000000, 0x00000000c29d0000, 0x00000000eaab0000)
  object space 42816K, 0% used [0x00000000c0000000,0x00000000c0000000,0x00000000c29d0000)
 PSPermGen       total 21248K, used 5324K [0x00000000bae00000, 0x00000000bc2c0000, 0x00000000c0000000)
  object space 21248K, 25% used [0x00000000bae00000,0x00000000bb333000,0x00000000bc2c0000)
Event: 1.044 GC heap after
Heap after GC invocations=1 (full 0):
 PSYoungGen      total 18752K, used 2606K [0x00000000eaab0000, 0x00000000ebf90000, 0x0000000000000000)
  eden space 16128K, 0% used [0x00000000eaab0000,0x00000000eaab0000,0x00000000eba70000)
  from space 2624K, 99% used [0x00000000eba70000,0x00000000ebcfba28,0x00000000ebd00000)
  to   space 2624K, 0% used [0x00000000ebd00000,0x00000000ebd00000,0x00000000ebf90000)
 ParOldGen       total 42816K, used 2622K [0x00000000c0000000, 0x00000000c29d0000, 0x00000000eaab0000)
  object space 42816K, 6% used [0x00000000c0000000,0x00000000c028fbd8,0x00000000c29d0000)
 PSPermGen       total 21248K, used 5324K [0x00000000bae00000, 0x00000000bc2c0000, 0x00000000c0000000)
  object space 21248K, 25% used [0x00000000bae00000,0x00000000bb333000,0x00000000bc2c0000)
}
Event: 1.844 GC heap before
{Heap before GC invocations=2 (full 0):
 PSYoungGen      total 18752K, used 18734K [0x00000000eaab0000, 0x00000000ebf90000, 0x0000000000000000)
  eden space 16128K, 100% used [0x00000000eaab0000,0x00000000eba70000,0x00000000eba70000)
  from space 2624K, 99% used [0x00000000eba70000,0x00000000ebcfba28,0x00000000ebd00000)
  to   space 2624K, 0% used [0x00000000ebd00000,0x00000000ebd00000,0x00000000ebf90000)
 ParOldGen       total 42816K, used 2622K [0x00000000c0000000, 0x00000000c29d0000, 0x00000000eaab0000)
  object space 42816K, 6% used [0x00000000c0000000,0x00000000c028fbd8,0x00000000c29d0000)
 PSPermGen       total 21248K, used 6619K [0x00000000bae00000, 0x00000000bc2c0000, 0x00000000c0000000)
  object space 21248K, 31% used [0x00000000bae00000,0x00000000bb476c68,0x00000000bc2c0000)
Event: 1.851 GC heap after
Heap after GC invocations=2 (full 0):
 PSYoungGen      total 18752K, used 2604K [0x00000000eaab0000, 0x00000000ebf90000, 0x0000000000000000)
  eden space 16128K, 0% used [0x00000000eaab0000,0x00000000eaab0000,0x00000000eba70000)
  from space 2624K, 99% used [0x00000000ebd00000,0x00000000ebf8b1a8,0x00000000ebf90000)
  to   space 2624K, 0% used [0x00000000eba70000,0x00000000eba70000,0x00000000ebd00000)
 ParOldGen       total 42816K, used 5749K [0x00000000c0000000, 0x00000000c29d0000, 0x00000000eaab0000)
  object space 42816K, 13% used [0x00000000c0000000,0x00000000c059d5f0,0x00000000c29d0000)
 PSPermGen       total 21248K, used 6619K [0x00000000bae00000, 0x00000000bc2c0000, 0x00000000c0000000)
  object space 21248K, 31% used [0x00000000bae00000,0x00000000bb476c68,0x00000000bc2c0000)
}
Event: 2.233 GC heap before
{Heap before GC invocations=3 (full 0):
 PSYoungGen      total 18752K, used 18732K [0x00000000eaab0000, 0x00000000ebf90000, 0x0000000000000000)
  eden space 16128K, 100% used [0x00000000eaab0000,0x00000000eba70000,0x00000000eba70000)
  from space 2624K, 99% used [0x00000000ebd00000,0x00000000ebf8b1a8,0x00000000ebf90000)
  to   space 2624K, 0% used [0x00000000eba70000,0x00000000eba70000,0x00000000ebd00000)
 ParOldGen       total 42816K, used 5749K [0x00000000c0000000, 0x00000000c29d0000, 0x00000000eaab0000)
  object space 42816K, 13% used [0x00000000c0000000,0x00000000c059d5f0,0x00000000c29d0000)
 PSPermGen       total 21248K, used 6651K [0x00000000bae00000, 0x00000000bc2c0000, 0x00000000c0000000)
  object space 21248K, 31% used [0x00000000bae00000,0x00000000bb47ecc8,0x00000000bc2c0000)
Event: 2.285 GC heap after
Heap after GC invocations=3 (full 0):
 PSYoungGen      total 18752K, used 2604K [0x00000000eaab0000, 0x00000000ebf90000, 0x0000000000000000)
  eden space 16128K, 0% used [0x00000000eaab0000,0x00000000eaab0000,0x00000000eba70000)
  from space 2624K, 99% used [0x00000000eba70000,0x00000000ebcfb1a8,0x00000000ebd00000)
  to   space 2624K, 0% used [0x00000000ebd00000,0x00000000ebd00000,0x00000000ebf90000)
 ParOldGen       total 42816K, used 9760K [0x00000000c0000000, 0x00000000c29d0000, 0x00000000eaab0000)
  object space 42816K, 22% used [0x00000000c0000000,0x00000000c0988390,0x00000000c29d0000)
 PSPermGen       total 21248K, used 6651K [0x00000000bae00000, 0x00000000bc2c0000, 0x00000000c0000000)
  object space 21248K, 31% used [0x00000000bae00000,0x00000000bb47ecc8,0x00000000bc2c0000)
}

